<?xml version="1.0" encoding="UTF-8"?>
<testsuite xmlns:xsi="http://www.w3.org/2001/XMLSchema-instance" xsi:schemaLocation="https://maven.apache.org/surefire/maven-surefire-plugin/xsd/surefire-test-report.xsd" name="tests.unit.com.microsoft.azure.gateway.messaging.MessageTest" time="0.079" tests="15" errors="0" skipped="0" failures="0">
  <properties>
[...]
</properties>
  <testcase name="constructorSetsDataFromInputArray_Minimal" classname="tests.unit.com.microsoft.azure.gateway.messaging.MessageTest" time="0"/>
  <testcase name="constructorThrowsExceptionForZeroInputArray" classname="tests.unit.com.microsoft.azure.gateway.messaging.MessageTest" time="0"/>
  <testcase name="constructorThrowsExceptionForIncompleteInputArray" classname="tests.unit.com.microsoft.azure.gateway.messaging.MessageTest" time="0"/>
  <testcase name="toByteArraySerializesMessageSuccess" classname="tests.unit.com.microsoft.azure.gateway.messaging.MessageTest" time="0"/>
  <testcase name="chineseCharacterTest" classname="tests.unit.com.microsoft.azure.gateway.messaging.MessageTest" time="0"/>
  <testcase name="constructorSetsDataFromInputArray_Valid" classname="tests.unit.com.microsoft.azure.gateway.messaging.MessageTest" time="0"/>
  <testcase name="toByteArrayThrowsExceptionOnFailure" classname="tests.unit.com.microsoft.azure.gateway.messaging.MessageTest" time="0.066"/>
  <testcase name="constructorThrowsExceptionForNullInputArray" classname="tests.unit.com.microsoft.azure.gateway.messaging.MessageTest" time="0.001"/>
  <testcase name="toByteArraySerializesMinimalMessageSuccess" classname="tests.unit.com.microsoft.azure.gateway.messaging.MessageTest" time="0"/>
  <testcase name="constructorSavesAllNullData" classname="tests.unit.com.microsoft.azure.gateway.messaging.MessageTest" time="0"/>
  <testcase name="constructorSavesAllData" classname="tests.unit.com.microsoft.azure.gateway.messaging.MessageTest" time="0"/>
  <testcase name="constructorSetsDataFromInputArray_NoProperties2Bytes" classname="tests.unit.com.microsoft.azure.gateway.messaging.MessageTest" time="0"/>
  <testcase name="toByteArraySerializes_NoProperties2Bytes" classname="tests.unit.com.microsoft.azure.gateway.messaging.MessageTest" time="0"/>
  <testcase name="constructorSetsDataFromInputArray_1Property0Bytes" classname="tests.unit.com.microsoft.azure.gateway.messaging.MessageTest" time="0"/>
  <testcase name="toByteArraySerializes_1Property0Bytes" classname="tests.unit.com.microsoft.azure.gateway.messaging.MessageTest" time="0"/>
</testsuite>